[1.358s] DEBUG:colcon:Command line arguments: ['/usr/bin/colcon', 'build']
[1.358s] DEBUG:colcon:Parsed command line arguments: Namespace(log_base=None, log_level=None, verb_name='build', build_base='build', install_base='install', merge_install=False, symlink_install=False, test_result_base=None, continue_on_error=False, executor='parallel', parallel_workers=4, event_handlers=None, ignore_user_meta=False, metas=['./colcon.meta'], base_paths=['.'], packages_ignore=None, packages_ignore_regex=None, paths=None, packages_up_to=None, packages_up_to_regex=None, packages_above=None, packages_above_and_dependencies=None, packages_above_depth=None, packages_select_by_dep=None, packages_skip_by_dep=None, packages_skip_up_to=None, packages_select_build_failed=False, packages_skip_build_finished=False, packages_select_test_failures=False, packages_skip_test_passed=False, packages_select=None, packages_skip=None, packages_select_regex=None, packages_skip_regex=None, packages_start=None, packages_end=None, allow_overriding=[], cmake_args=None, cmake_target=None, cmake_target_skip_unavailable=False, cmake_clean_cache=False, cmake_clean_first=False, cmake_force_configure=False, ament_cmake_args=None, catkin_cmake_args=None, catkin_skip_building_tests=False, verb_parser=<colcon_defaults.argument_parser.defaults.DefaultArgumentsDecorator object at 0x7014d03e41f0>, verb_extension=<colcon_core.verb.build.BuildVerb object at 0x7014d03731f0>, main=<bound method BuildVerb.main of <colcon_core.verb.build.BuildVerb object at 0x7014d03731f0>>)
[1.428s] Level 1:colcon.colcon_core.package_discovery:discover_packages(colcon_meta) check parameters
[1.428s] Level 1:colcon.colcon_core.package_discovery:discover_packages(recursive) check parameters
[1.428s] Level 1:colcon.colcon_core.package_discovery:discover_packages(ignore) check parameters
[1.428s] Level 1:colcon.colcon_core.package_discovery:discover_packages(path) check parameters
[1.428s] Level 1:colcon.colcon_core.package_discovery:discover_packages(colcon_meta) discover
[1.428s] Level 1:colcon.colcon_core.package_discovery:discover_packages(recursive) discover
[1.429s] INFO:colcon.colcon_core.package_discovery:Crawling recursively for packages in '/home/javier/vicon_resend_ws'
[1.429s] Level 1:colcon.colcon_core.package_identification:_identify(.) by extensions ['ignore', 'ignore_ament_install']
[1.429s] Level 1:colcon.colcon_core.package_identification:_identify(.) by extension 'ignore'
[1.429s] Level 1:colcon.colcon_core.package_identification:_identify(.) by extension 'ignore_ament_install'
[1.429s] Level 1:colcon.colcon_core.package_identification:_identify(.) by extensions ['colcon_pkg']
[1.429s] Level 1:colcon.colcon_core.package_identification:_identify(.) by extension 'colcon_pkg'
[1.429s] Level 1:colcon.colcon_core.package_identification:_identify(.) by extensions ['colcon_meta']
[1.429s] Level 1:colcon.colcon_core.package_identification:_identify(.) by extension 'colcon_meta'
[1.430s] Level 1:colcon.colcon_core.package_identification:_identify(.) by extensions ['ros']
[1.430s] Level 1:colcon.colcon_core.package_identification:_identify(.) by extension 'ros'
[1.444s] Level 1:colcon.colcon_core.package_identification:_identify(.) by extensions ['cmake', 'python']
[1.444s] Level 1:colcon.colcon_core.package_identification:_identify(.) by extension 'cmake'
[1.444s] Level 1:colcon.colcon_core.package_identification:_identify(.) by extension 'python'
[1.445s] Level 1:colcon.colcon_core.package_identification:_identify(.) by extensions ['python_setup_py']
[1.445s] Level 1:colcon.colcon_core.package_identification:_identify(.) by extension 'python_setup_py'
[1.445s] Level 1:colcon.colcon_core.package_identification:_identify(build) by extensions ['ignore', 'ignore_ament_install']
[1.445s] Level 1:colcon.colcon_core.package_identification:_identify(build) by extension 'ignore'
[1.445s] Level 1:colcon.colcon_core.package_identification:_identify(build) ignored
[1.445s] Level 1:colcon.colcon_core.package_identification:_identify(install) by extensions ['ignore', 'ignore_ament_install']
[1.446s] Level 1:colcon.colcon_core.package_identification:_identify(install) by extension 'ignore'
[1.446s] Level 1:colcon.colcon_core.package_identification:_identify(install) ignored
[1.446s] Level 1:colcon.colcon_core.package_identification:_identify(log) by extensions ['ignore', 'ignore_ament_install']
[1.446s] Level 1:colcon.colcon_core.package_identification:_identify(log) by extension 'ignore'
[1.446s] Level 1:colcon.colcon_core.package_identification:_identify(log) ignored
[1.446s] Level 1:colcon.colcon_core.package_identification:_identify(src) by extensions ['ignore', 'ignore_ament_install']
[1.447s] Level 1:colcon.colcon_core.package_identification:_identify(src) by extension 'ignore'
[1.447s] Level 1:colcon.colcon_core.package_identification:_identify(src) by extension 'ignore_ament_install'
[1.447s] Level 1:colcon.colcon_core.package_identification:_identify(src) by extensions ['colcon_pkg']
[1.447s] Level 1:colcon.colcon_core.package_identification:_identify(src) by extension 'colcon_pkg'
[1.447s] Level 1:colcon.colcon_core.package_identification:_identify(src) by extensions ['colcon_meta']
[1.447s] Level 1:colcon.colcon_core.package_identification:_identify(src) by extension 'colcon_meta'
[1.447s] Level 1:colcon.colcon_core.package_identification:_identify(src) by extensions ['ros']
[1.447s] Level 1:colcon.colcon_core.package_identification:_identify(src) by extension 'ros'
[1.447s] Level 1:colcon.colcon_core.package_identification:_identify(src) by extensions ['cmake', 'python']
[1.447s] Level 1:colcon.colcon_core.package_identification:_identify(src) by extension 'cmake'
[1.447s] Level 1:colcon.colcon_core.package_identification:_identify(src) by extension 'python'
[1.448s] Level 1:colcon.colcon_core.package_identification:_identify(src) by extensions ['python_setup_py']
[1.448s] Level 1:colcon.colcon_core.package_identification:_identify(src) by extension 'python_setup_py'
[1.448s] Level 1:colcon.colcon_core.package_identification:_identify(src/vicon_resend) by extensions ['ignore', 'ignore_ament_install']
[1.448s] Level 1:colcon.colcon_core.package_identification:_identify(src/vicon_resend) by extension 'ignore'
[1.448s] Level 1:colcon.colcon_core.package_identification:_identify(src/vicon_resend) by extension 'ignore_ament_install'
[1.448s] Level 1:colcon.colcon_core.package_identification:_identify(src/vicon_resend) by extensions ['colcon_pkg']
[1.448s] Level 1:colcon.colcon_core.package_identification:_identify(src/vicon_resend) by extension 'colcon_pkg'
[1.448s] Level 1:colcon.colcon_core.package_identification:_identify(src/vicon_resend) by extensions ['colcon_meta']
[1.448s] Level 1:colcon.colcon_core.package_identification:_identify(src/vicon_resend) by extension 'colcon_meta'
[1.449s] Level 1:colcon.colcon_core.package_identification:_identify(src/vicon_resend) by extensions ['ros']
[1.449s] Level 1:colcon.colcon_core.package_identification:_identify(src/vicon_resend) by extension 'ros'
[1.452s] DEBUG:colcon.colcon_core.package_identification:Package 'src/vicon_resend' with type 'ros.ament_python' and name 'vicon_resend'
[1.452s] Level 1:colcon.colcon_core.package_discovery:discover_packages(recursive) using defaults
[1.452s] Level 1:colcon.colcon_core.package_discovery:discover_packages(ignore) discover
[1.452s] Level 1:colcon.colcon_core.package_discovery:discover_packages(ignore) using defaults
[1.452s] Level 1:colcon.colcon_core.package_discovery:discover_packages(path) discover
[1.452s] Level 1:colcon.colcon_core.package_discovery:discover_packages(path) using defaults
[1.574s] Level 1:colcon.colcon_core.package_discovery:discover_packages(prefix_path) check parameters
[1.574s] Level 1:colcon.colcon_core.package_discovery:discover_packages(prefix_path) discover
[1.615s] DEBUG:colcon.colcon_installed_package_information.package_discovery:Found 1 installed packages in /home/javier/vicon_resend_ws/install
[1.635s] DEBUG:colcon.colcon_installed_package_information.package_discovery:Found 271 installed packages in /opt/ros/humble
[1.637s] Level 1:colcon.colcon_core.package_discovery:discover_packages(prefix_path) using defaults
[1.756s] Level 5:colcon.colcon_core.verb:set package 'vicon_resend' build argument 'cmake_args' from command line to 'None'
[1.757s] Level 5:colcon.colcon_core.verb:set package 'vicon_resend' build argument 'cmake_target' from command line to 'None'
[1.757s] Level 5:colcon.colcon_core.verb:set package 'vicon_resend' build argument 'cmake_target_skip_unavailable' from command line to 'False'
[1.757s] Level 5:colcon.colcon_core.verb:set package 'vicon_resend' build argument 'cmake_clean_cache' from command line to 'False'
[1.757s] Level 5:colcon.colcon_core.verb:set package 'vicon_resend' build argument 'cmake_clean_first' from command line to 'False'
[1.757s] Level 5:colcon.colcon_core.verb:set package 'vicon_resend' build argument 'cmake_force_configure' from command line to 'False'
[1.757s] Level 5:colcon.colcon_core.verb:set package 'vicon_resend' build argument 'ament_cmake_args' from command line to 'None'
[1.757s] Level 5:colcon.colcon_core.verb:set package 'vicon_resend' build argument 'catkin_cmake_args' from command line to 'None'
[1.757s] Level 5:colcon.colcon_core.verb:set package 'vicon_resend' build argument 'catkin_skip_building_tests' from command line to 'False'
[1.757s] DEBUG:colcon.colcon_core.verb:Building package 'vicon_resend' with the following arguments: {'ament_cmake_args': None, 'build_base': '/home/javier/vicon_resend_ws/build/vicon_resend', 'catkin_cmake_args': None, 'catkin_skip_building_tests': False, 'cmake_args': None, 'cmake_clean_cache': False, 'cmake_clean_first': False, 'cmake_force_configure': False, 'cmake_target': None, 'cmake_target_skip_unavailable': False, 'install_base': '/home/javier/vicon_resend_ws/install/vicon_resend', 'merge_install': False, 'path': '/home/javier/vicon_resend_ws/src/vicon_resend', 'symlink_install': False, 'test_result_base': None}
[1.777s] INFO:colcon.colcon_core.executor:Executing jobs using 'parallel' executor
[1.810s] DEBUG:colcon.colcon_parallel_executor.executor.parallel:run_until_complete
[1.810s] INFO:colcon.colcon_ros.task.ament_python.build:Building ROS package in '/home/javier/vicon_resend_ws/src/vicon_resend' with build type 'ament_python'
[1.811s] Level 1:colcon.colcon_core.shell:create_environment_hook('vicon_resend', 'ament_prefix_path')
[1.847s] INFO:colcon.colcon_core.plugin_system:Skipping extension 'colcon_core.shell.bat': Not used on non-Windows systems
[1.847s] INFO:colcon.colcon_core.shell:Creating environment hook '/home/javier/vicon_resend_ws/install/vicon_resend/share/vicon_resend/hook/ament_prefix_path.ps1'
[1.849s] INFO:colcon.colcon_core.shell:Creating environment descriptor '/home/javier/vicon_resend_ws/install/vicon_resend/share/vicon_resend/hook/ament_prefix_path.dsv'
[1.850s] INFO:colcon.colcon_core.shell:Creating environment hook '/home/javier/vicon_resend_ws/install/vicon_resend/share/vicon_resend/hook/ament_prefix_path.sh'
[1.875s] INFO:colcon.colcon_core.shell:Skip shell extension 'powershell' for command environment: Not usable outside of PowerShell
[1.875s] DEBUG:colcon.colcon_core.shell:Skip shell extension 'dsv' for command environment
[2.313s] INFO:colcon.colcon_core.task.python.build:Building Python package in '/home/javier/vicon_resend_ws/src/vicon_resend'
[2.336s] INFO:colcon.colcon_core.shell:Skip shell extension 'powershell' for command environment: Not usable outside of PowerShell
[2.336s] DEBUG:colcon.colcon_core.shell:Skip shell extension 'dsv' for command environment
[2.867s] DEBUG:colcon.colcon_core.event_handler.log_command:Invoking command in '/home/javier/vicon_resend_ws/src/vicon_resend': CONDA_PROMPT_MODIFIER=(base) PYTHONPATH=/home/javier/vicon_resend_ws/build/vicon_resend/prefix_override:/home/javier/vicon_resend_ws/install/vicon_resend/lib/python3.10/site-packages:${PYTHONPATH} /usr/bin/python3 setup.py egg_info --egg-base ../../build/vicon_resend build --build-base /home/javier/vicon_resend_ws/build/vicon_resend/build install --record /home/javier/vicon_resend_ws/build/vicon_resend/install.log --single-version-externally-managed
[3.298s] DEBUG:colcon.colcon_core.event_handler.log_command:Invoked command in '/home/javier/vicon_resend_ws/src/vicon_resend' returned '0': CONDA_PROMPT_MODIFIER=(base) PYTHONPATH=/home/javier/vicon_resend_ws/build/vicon_resend/prefix_override:/home/javier/vicon_resend_ws/install/vicon_resend/lib/python3.10/site-packages:${PYTHONPATH} /usr/bin/python3 setup.py egg_info --egg-base ../../build/vicon_resend build --build-base /home/javier/vicon_resend_ws/build/vicon_resend/build install --record /home/javier/vicon_resend_ws/build/vicon_resend/install.log --single-version-externally-managed
[3.323s] Level 1:colcon.colcon_core.environment:checking '/home/javier/vicon_resend_ws/install/vicon_resend' for CMake module files
[3.324s] Level 1:colcon.colcon_core.environment:checking '/home/javier/vicon_resend_ws/install/vicon_resend' for CMake config files
[3.325s] Level 1:colcon.colcon_core.environment:checking '/home/javier/vicon_resend_ws/install/vicon_resend/lib'
[3.325s] Level 1:colcon.colcon_core.environment:checking '/home/javier/vicon_resend_ws/install/vicon_resend/bin'
[3.326s] Level 1:colcon.colcon_core.environment:checking '/home/javier/vicon_resend_ws/install/vicon_resend/lib/pkgconfig/vicon_resend.pc'
[3.326s] Level 1:colcon.colcon_core.environment:checking '/home/javier/vicon_resend_ws/install/vicon_resend/lib/python3.10/site-packages'
[3.326s] Level 1:colcon.colcon_core.shell:create_environment_hook('vicon_resend', 'pythonpath')
[3.352s] INFO:colcon.colcon_core.shell:Creating environment hook '/home/javier/vicon_resend_ws/install/vicon_resend/share/vicon_resend/hook/pythonpath.ps1'
[3.353s] INFO:colcon.colcon_core.shell:Creating environment descriptor '/home/javier/vicon_resend_ws/install/vicon_resend/share/vicon_resend/hook/pythonpath.dsv'
[3.353s] INFO:colcon.colcon_core.shell:Creating environment hook '/home/javier/vicon_resend_ws/install/vicon_resend/share/vicon_resend/hook/pythonpath.sh'
[3.354s] Level 1:colcon.colcon_core.environment:checking '/home/javier/vicon_resend_ws/install/vicon_resend/bin'
[3.354s] Level 1:colcon.colcon_core.environment:create_environment_scripts_only(vicon_resend)
[3.375s] INFO:colcon.colcon_core.shell:Creating package script '/home/javier/vicon_resend_ws/install/vicon_resend/share/vicon_resend/package.ps1'
[3.376s] INFO:colcon.colcon_core.shell:Creating package descriptor '/home/javier/vicon_resend_ws/install/vicon_resend/share/vicon_resend/package.dsv'
[3.377s] INFO:colcon.colcon_core.shell:Creating package script '/home/javier/vicon_resend_ws/install/vicon_resend/share/vicon_resend/package.sh'
[3.378s] INFO:colcon.colcon_core.shell:Creating package script '/home/javier/vicon_resend_ws/install/vicon_resend/share/vicon_resend/package.bash'
[3.379s] INFO:colcon.colcon_core.shell:Creating package script '/home/javier/vicon_resend_ws/install/vicon_resend/share/vicon_resend/package.zsh'
[3.380s] Level 1:colcon.colcon_core.environment:create_file_with_runtime_dependencies(/home/javier/vicon_resend_ws/install/vicon_resend/share/colcon-core/packages/vicon_resend)
[3.381s] DEBUG:colcon.colcon_parallel_executor.executor.parallel:closing loop
[3.381s] DEBUG:colcon.colcon_parallel_executor.executor.parallel:loop closed
[3.381s] DEBUG:colcon.colcon_parallel_executor.executor.parallel:run_until_complete finished with '0'
[3.382s] DEBUG:colcon.colcon_core.event_reactor:joining thread
[3.425s] INFO:colcon.colcon_core.plugin_system:Skipping extension 'colcon_notification.desktop_notification.terminal_notifier': Not used on non-Darwin systems
[3.425s] INFO:colcon.colcon_core.plugin_system:Skipping extension 'colcon_notification.desktop_notification.win32': Not used on non-Windows systems
[3.425s] INFO:colcon.colcon_notification.desktop_notification:Sending desktop notification using 'notify2'
[3.445s] DEBUG:colcon.colcon_core.event_reactor:joined thread
[3.474s] INFO:colcon.colcon_core.shell:Creating prefix script '/home/javier/vicon_resend_ws/install/local_setup.ps1'
[3.476s] INFO:colcon.colcon_core.shell:Creating prefix util module '/home/javier/vicon_resend_ws/install/_local_setup_util_ps1.py'
[3.478s] INFO:colcon.colcon_core.shell:Creating prefix chain script '/home/javier/vicon_resend_ws/install/setup.ps1'
[3.504s] INFO:colcon.colcon_core.shell:Creating prefix script '/home/javier/vicon_resend_ws/install/local_setup.sh'
[3.505s] INFO:colcon.colcon_core.shell:Creating prefix util module '/home/javier/vicon_resend_ws/install/_local_setup_util_sh.py'
[3.506s] INFO:colcon.colcon_core.shell:Creating prefix chain script '/home/javier/vicon_resend_ws/install/setup.sh'
[3.530s] INFO:colcon.colcon_core.shell:Creating prefix script '/home/javier/vicon_resend_ws/install/local_setup.bash'
[3.531s] INFO:colcon.colcon_core.shell:Creating prefix chain script '/home/javier/vicon_resend_ws/install/setup.bash'
[3.553s] INFO:colcon.colcon_core.shell:Creating prefix script '/home/javier/vicon_resend_ws/install/local_setup.zsh'
[3.554s] INFO:colcon.colcon_core.shell:Creating prefix chain script '/home/javier/vicon_resend_ws/install/setup.zsh'
