[1.111s] Invoking command in '/home/javier/vicon_resend_ws/src/vicon_resend': CONDA_PROMPT_MODIFIER=(base) PYTHONPATH=/home/javier/vicon_resend_ws/build/vicon_resend/prefix_override:/home/javier/vicon_resend_ws/install/vicon_resend/lib/python3.10/site-packages:${PYTHONPATH} /usr/bin/python3 setup.py egg_info --egg-base ../../build/vicon_resend build --build-base /home/javier/vicon_resend_ws/build/vicon_resend/build install --record /home/javier/vicon_resend_ws/build/vicon_resend/install.log --single-version-externally-managed
[1.472s] running egg_info
[1.473s] writing ../../build/vicon_resend/vicon_resend.egg-info/PKG-INFO
[1.473s] writing dependency_links to ../../build/vicon_resend/vicon_resend.egg-info/dependency_links.txt
[1.473s] writing entry points to ../../build/vicon_resend/vicon_resend.egg-info/entry_points.txt
[1.473s] writing requirements to ../../build/vicon_resend/vicon_resend.egg-info/requires.txt
[1.474s] writing top-level names to ../../build/vicon_resend/vicon_resend.egg-info/top_level.txt
[1.477s] reading manifest file '../../build/vicon_resend/vicon_resend.egg-info/SOURCES.txt'
[1.477s] adding license file 'LICENSE'
[1.478s] writing manifest file '../../build/vicon_resend/vicon_resend.egg-info/SOURCES.txt'
[1.479s] running build
[1.479s] running build_py
[1.479s] copying vicon_resend/vicon_resend.py -> /home/javier/vicon_resend_ws/build/vicon_resend/build/lib/vicon_resend
[1.479s] running install
[1.480s] /usr/lib/python3/dist-packages/setuptools/command/install.py:34: SetuptoolsDeprecationWarning: setup.py install is deprecated. Use build and pip and other standards-based tools.
[1.480s]   warnings.warn(
[1.480s] running install_lib
[1.481s] copying /home/javier/vicon_resend_ws/build/vicon_resend/build/lib/vicon_resend/vicon_resend.py -> /home/javier/vicon_resend_ws/install/vicon_resend/lib/python3.10/site-packages/vicon_resend
[1.483s] byte-compiling /home/javier/vicon_resend_ws/install/vicon_resend/lib/python3.10/site-packages/vicon_resend/vicon_resend.py to vicon_resend.cpython-310.pyc
[1.484s] running install_data
[1.485s] running install_egg_info
[1.488s] removing '/home/javier/vicon_resend_ws/install/vicon_resend/lib/python3.10/site-packages/vicon_resend-0.0.0-py3.10.egg-info' (and everything under it)
[1.488s] Copying ../../build/vicon_resend/vicon_resend.egg-info to /home/javier/vicon_resend_ws/install/vicon_resend/lib/python3.10/site-packages/vicon_resend-0.0.0-py3.10.egg-info
[1.490s] running install_scripts
[1.520s] Installing vicon_resend script to /home/javier/vicon_resend_ws/install/vicon_resend/lib/vicon_resend
[1.520s] writing list of installed files to '/home/javier/vicon_resend_ws/build/vicon_resend/install.log'
[1.569s] Invoked command in '/home/javier/vicon_resend_ws/src/vicon_resend' returned '0': CONDA_PROMPT_MODIFIER=(base) PYTHONPATH=/home/javier/vicon_resend_ws/build/vicon_resend/prefix_override:/home/javier/vicon_resend_ws/install/vicon_resend/lib/python3.10/site-packages:${PYTHONPATH} /usr/bin/python3 setup.py egg_info --egg-base ../../build/vicon_resend build --build-base /home/javier/vicon_resend_ws/build/vicon_resend/build install --record /home/javier/vicon_resend_ws/build/vicon_resend/install.log --single-version-externally-managed
