[2.088s] DEBUG:colcon:Command line arguments: ['/usr/bin/colcon', 'build']
[2.088s] DEBUG:colcon:Parsed command line arguments: Namespace(log_base=None, log_level=None, verb_name='build', build_base='build', install_base='install', merge_install=False, symlink_install=False, test_result_base=None, continue_on_error=False, executor='parallel', parallel_workers=4, event_handlers=None, ignore_user_meta=False, metas=['./colcon.meta'], base_paths=['.'], packages_ignore=None, packages_ignore_regex=None, paths=None, packages_up_to=None, packages_up_to_regex=None, packages_above=None, packages_above_and_dependencies=None, packages_above_depth=None, packages_select_by_dep=None, packages_skip_by_dep=None, packages_skip_up_to=None, packages_select_build_failed=False, packages_skip_build_finished=False, packages_select_test_failures=False, packages_skip_test_passed=False, packages_select=None, packages_skip=None, packages_select_regex=None, packages_skip_regex=None, packages_start=None, packages_end=None, allow_overriding=[], cmake_args=None, cmake_target=None, cmake_target_skip_unavailable=False, cmake_clean_cache=False, cmake_clean_first=False, cmake_force_configure=False, ament_cmake_args=None, catkin_cmake_args=None, catkin_skip_building_tests=False, verb_parser=<colcon_defaults.argument_parser.defaults.DefaultArgumentsDecorator object at 0x753aebce8610>, verb_extension=<colcon_core.verb.build.BuildVerb object at 0x753aebc761d0>, main=<bound method BuildVerb.main of <colcon_core.verb.build.BuildVerb object at 0x753aebc761d0>>)
[2.199s] Level 1:colcon.colcon_core.package_discovery:discover_packages(colcon_meta) check parameters
[2.199s] Level 1:colcon.colcon_core.package_discovery:discover_packages(recursive) check parameters
[2.199s] Level 1:colcon.colcon_core.package_discovery:discover_packages(ignore) check parameters
[2.199s] Level 1:colcon.colcon_core.package_discovery:discover_packages(path) check parameters
[2.199s] Level 1:colcon.colcon_core.package_discovery:discover_packages(colcon_meta) discover
[2.199s] Level 1:colcon.colcon_core.package_discovery:discover_packages(recursive) discover
[2.199s] INFO:colcon.colcon_core.package_discovery:Crawling recursively for packages in '/home/javier/vicon_resend_ws'
[2.199s] Level 1:colcon.colcon_core.package_identification:_identify(.) by extensions ['ignore', 'ignore_ament_install']
[2.200s] Level 1:colcon.colcon_core.package_identification:_identify(.) by extension 'ignore'
[2.200s] Level 1:colcon.colcon_core.package_identification:_identify(.) by extension 'ignore_ament_install'
[2.200s] Level 1:colcon.colcon_core.package_identification:_identify(.) by extensions ['colcon_pkg']
[2.200s] Level 1:colcon.colcon_core.package_identification:_identify(.) by extension 'colcon_pkg'
[2.200s] Level 1:colcon.colcon_core.package_identification:_identify(.) by extensions ['colcon_meta']
[2.200s] Level 1:colcon.colcon_core.package_identification:_identify(.) by extension 'colcon_meta'
[2.200s] Level 1:colcon.colcon_core.package_identification:_identify(.) by extensions ['ros']
[2.200s] Level 1:colcon.colcon_core.package_identification:_identify(.) by extension 'ros'
[2.224s] Level 1:colcon.colcon_core.package_identification:_identify(.) by extensions ['cmake', 'python']
[2.224s] Level 1:colcon.colcon_core.package_identification:_identify(.) by extension 'cmake'
[2.224s] Level 1:colcon.colcon_core.package_identification:_identify(.) by extension 'python'
[2.224s] Level 1:colcon.colcon_core.package_identification:_identify(.) by extensions ['python_setup_py']
[2.224s] Level 1:colcon.colcon_core.package_identification:_identify(.) by extension 'python_setup_py'
[2.225s] Level 1:colcon.colcon_core.package_identification:_identify(build) by extensions ['ignore', 'ignore_ament_install']
[2.225s] Level 1:colcon.colcon_core.package_identification:_identify(build) by extension 'ignore'
[2.225s] Level 1:colcon.colcon_core.package_identification:_identify(build) ignored
[2.225s] Level 1:colcon.colcon_core.package_identification:_identify(install) by extensions ['ignore', 'ignore_ament_install']
[2.226s] Level 1:colcon.colcon_core.package_identification:_identify(install) by extension 'ignore'
[2.226s] Level 1:colcon.colcon_core.package_identification:_identify(install) ignored
[2.226s] Level 1:colcon.colcon_core.package_identification:_identify(log) by extensions ['ignore', 'ignore_ament_install']
[2.226s] Level 1:colcon.colcon_core.package_identification:_identify(log) by extension 'ignore'
[2.226s] Level 1:colcon.colcon_core.package_identification:_identify(log) ignored
[2.226s] Level 1:colcon.colcon_core.package_identification:_identify(src) by extensions ['ignore', 'ignore_ament_install']
[2.227s] Level 1:colcon.colcon_core.package_identification:_identify(src) by extension 'ignore'
[2.227s] Level 1:colcon.colcon_core.package_identification:_identify(src) by extension 'ignore_ament_install'
[2.227s] Level 1:colcon.colcon_core.package_identification:_identify(src) by extensions ['colcon_pkg']
[2.227s] Level 1:colcon.colcon_core.package_identification:_identify(src) by extension 'colcon_pkg'
[2.227s] Level 1:colcon.colcon_core.package_identification:_identify(src) by extensions ['colcon_meta']
[2.227s] Level 1:colcon.colcon_core.package_identification:_identify(src) by extension 'colcon_meta'
[2.227s] Level 1:colcon.colcon_core.package_identification:_identify(src) by extensions ['ros']
[2.227s] Level 1:colcon.colcon_core.package_identification:_identify(src) by extension 'ros'
[2.227s] Level 1:colcon.colcon_core.package_identification:_identify(src) by extensions ['cmake', 'python']
[2.228s] Level 1:colcon.colcon_core.package_identification:_identify(src) by extension 'cmake'
[2.228s] Level 1:colcon.colcon_core.package_identification:_identify(src) by extension 'python'
[2.228s] Level 1:colcon.colcon_core.package_identification:_identify(src) by extensions ['python_setup_py']
[2.228s] Level 1:colcon.colcon_core.package_identification:_identify(src) by extension 'python_setup_py'
[2.228s] Level 1:colcon.colcon_core.package_identification:_identify(src/vicon_resend) by extensions ['ignore', 'ignore_ament_install']
[2.228s] Level 1:colcon.colcon_core.package_identification:_identify(src/vicon_resend) by extension 'ignore'
[2.228s] Level 1:colcon.colcon_core.package_identification:_identify(src/vicon_resend) by extension 'ignore_ament_install'
[2.229s] Level 1:colcon.colcon_core.package_identification:_identify(src/vicon_resend) by extensions ['colcon_pkg']
[2.229s] Level 1:colcon.colcon_core.package_identification:_identify(src/vicon_resend) by extension 'colcon_pkg'
[2.229s] Level 1:colcon.colcon_core.package_identification:_identify(src/vicon_resend) by extensions ['colcon_meta']
[2.229s] Level 1:colcon.colcon_core.package_identification:_identify(src/vicon_resend) by extension 'colcon_meta'
[2.229s] Level 1:colcon.colcon_core.package_identification:_identify(src/vicon_resend) by extensions ['ros']
[2.229s] Level 1:colcon.colcon_core.package_identification:_identify(src/vicon_resend) by extension 'ros'
[2.233s] DEBUG:colcon.colcon_core.package_identification:Package 'src/vicon_resend' with type 'ros.ament_python' and name 'vicon_resend'
[2.233s] Level 1:colcon.colcon_core.package_discovery:discover_packages(recursive) using defaults
[2.233s] Level 1:colcon.colcon_core.package_discovery:discover_packages(ignore) discover
[2.233s] Level 1:colcon.colcon_core.package_discovery:discover_packages(ignore) using defaults
[2.233s] Level 1:colcon.colcon_core.package_discovery:discover_packages(path) discover
[2.233s] Level 1:colcon.colcon_core.package_discovery:discover_packages(path) using defaults
[2.406s] Level 1:colcon.colcon_core.package_discovery:discover_packages(prefix_path) check parameters
[2.406s] Level 1:colcon.colcon_core.package_discovery:discover_packages(prefix_path) discover
[2.460s] DEBUG:colcon.colcon_installed_package_information.package_discovery:Found 1 installed packages in /home/javier/vicon_resend_ws/install
[2.496s] DEBUG:colcon.colcon_installed_package_information.package_discovery:Found 271 installed packages in /opt/ros/humble
[2.498s] Level 1:colcon.colcon_core.package_discovery:discover_packages(prefix_path) using defaults
[2.664s] Level 5:colcon.colcon_core.verb:set package 'vicon_resend' build argument 'cmake_args' from command line to 'None'
[2.665s] Level 5:colcon.colcon_core.verb:set package 'vicon_resend' build argument 'cmake_target' from command line to 'None'
[2.665s] Level 5:colcon.colcon_core.verb:set package 'vicon_resend' build argument 'cmake_target_skip_unavailable' from command line to 'False'
[2.665s] Level 5:colcon.colcon_core.verb:set package 'vicon_resend' build argument 'cmake_clean_cache' from command line to 'False'
[2.665s] Level 5:colcon.colcon_core.verb:set package 'vicon_resend' build argument 'cmake_clean_first' from command line to 'False'
[2.665s] Level 5:colcon.colcon_core.verb:set package 'vicon_resend' build argument 'cmake_force_configure' from command line to 'False'
[2.665s] Level 5:colcon.colcon_core.verb:set package 'vicon_resend' build argument 'ament_cmake_args' from command line to 'None'
[2.665s] Level 5:colcon.colcon_core.verb:set package 'vicon_resend' build argument 'catkin_cmake_args' from command line to 'None'
[2.665s] Level 5:colcon.colcon_core.verb:set package 'vicon_resend' build argument 'catkin_skip_building_tests' from command line to 'False'
[2.665s] DEBUG:colcon.colcon_core.verb:Building package 'vicon_resend' with the following arguments: {'ament_cmake_args': None, 'build_base': '/home/javier/vicon_resend_ws/build/vicon_resend', 'catkin_cmake_args': None, 'catkin_skip_building_tests': False, 'cmake_args': None, 'cmake_clean_cache': False, 'cmake_clean_first': False, 'cmake_force_configure': False, 'cmake_target': None, 'cmake_target_skip_unavailable': False, 'install_base': '/home/javier/vicon_resend_ws/install/vicon_resend', 'merge_install': False, 'path': '/home/javier/vicon_resend_ws/src/vicon_resend', 'symlink_install': False, 'test_result_base': None}
[2.698s] INFO:colcon.colcon_core.executor:Executing jobs using 'parallel' executor
[2.727s] DEBUG:colcon.colcon_parallel_executor.executor.parallel:run_until_complete
[2.728s] INFO:colcon.colcon_ros.task.ament_python.build:Building ROS package in '/home/javier/vicon_resend_ws/src/vicon_resend' with build type 'ament_python'
[2.728s] Level 1:colcon.colcon_core.shell:create_environment_hook('vicon_resend', 'ament_prefix_path')
[2.767s] INFO:colcon.colcon_core.plugin_system:Skipping extension 'colcon_core.shell.bat': Not used on non-Windows systems
[2.768s] INFO:colcon.colcon_core.shell:Creating environment hook '/home/javier/vicon_resend_ws/install/vicon_resend/share/vicon_resend/hook/ament_prefix_path.ps1'
[2.770s] INFO:colcon.colcon_core.shell:Creating environment descriptor '/home/javier/vicon_resend_ws/install/vicon_resend/share/vicon_resend/hook/ament_prefix_path.dsv'
[2.770s] INFO:colcon.colcon_core.shell:Creating environment hook '/home/javier/vicon_resend_ws/install/vicon_resend/share/vicon_resend/hook/ament_prefix_path.sh'
[2.807s] INFO:colcon.colcon_core.shell:Skip shell extension 'powershell' for command environment: Not usable outside of PowerShell
[2.807s] DEBUG:colcon.colcon_core.shell:Skip shell extension 'dsv' for command environment
[3.498s] INFO:colcon.colcon_core.task.python.build:Building Python package in '/home/javier/vicon_resend_ws/src/vicon_resend'
[3.524s] INFO:colcon.colcon_core.shell:Skip shell extension 'powershell' for command environment: Not usable outside of PowerShell
[3.525s] DEBUG:colcon.colcon_core.shell:Skip shell extension 'dsv' for command environment
[4.249s] DEBUG:colcon.colcon_core.event_handler.log_command:Invoking command in '/home/javier/vicon_resend_ws/src/vicon_resend': CONDA_PROMPT_MODIFIER=(base) PYTHONPATH=/home/javier/vicon_resend_ws/build/vicon_resend/prefix_override:/home/javier/vicon_resend_ws/install/vicon_resend/lib/python3.10/site-packages:${PYTHONPATH} /usr/bin/python3 setup.py egg_info --egg-base ../../build/vicon_resend build --build-base /home/javier/vicon_resend_ws/build/vicon_resend/build install --record /home/javier/vicon_resend_ws/build/vicon_resend/install.log --single-version-externally-managed
[4.864s] DEBUG:colcon.colcon_core.event_handler.log_command:Invoked command in '/home/javier/vicon_resend_ws/src/vicon_resend' returned '0': CONDA_PROMPT_MODIFIER=(base) PYTHONPATH=/home/javier/vicon_resend_ws/build/vicon_resend/prefix_override:/home/javier/vicon_resend_ws/install/vicon_resend/lib/python3.10/site-packages:${PYTHONPATH} /usr/bin/python3 setup.py egg_info --egg-base ../../build/vicon_resend build --build-base /home/javier/vicon_resend_ws/build/vicon_resend/build install --record /home/javier/vicon_resend_ws/build/vicon_resend/install.log --single-version-externally-managed
[4.896s] Level 1:colcon.colcon_core.environment:checking '/home/javier/vicon_resend_ws/install/vicon_resend' for CMake module files
[4.897s] Level 1:colcon.colcon_core.environment:checking '/home/javier/vicon_resend_ws/install/vicon_resend' for CMake config files
[4.898s] Level 1:colcon.colcon_core.environment:checking '/home/javier/vicon_resend_ws/install/vicon_resend/lib'
[4.898s] Level 1:colcon.colcon_core.environment:checking '/home/javier/vicon_resend_ws/install/vicon_resend/bin'
[4.898s] Level 1:colcon.colcon_core.environment:checking '/home/javier/vicon_resend_ws/install/vicon_resend/lib/pkgconfig/vicon_resend.pc'
[4.898s] Level 1:colcon.colcon_core.environment:checking '/home/javier/vicon_resend_ws/install/vicon_resend/lib/python3.10/site-packages'
[4.898s] Level 1:colcon.colcon_core.shell:create_environment_hook('vicon_resend', 'pythonpath')
[4.923s] INFO:colcon.colcon_core.shell:Creating environment hook '/home/javier/vicon_resend_ws/install/vicon_resend/share/vicon_resend/hook/pythonpath.ps1'
[4.924s] INFO:colcon.colcon_core.shell:Creating environment descriptor '/home/javier/vicon_resend_ws/install/vicon_resend/share/vicon_resend/hook/pythonpath.dsv'
[4.925s] INFO:colcon.colcon_core.shell:Creating environment hook '/home/javier/vicon_resend_ws/install/vicon_resend/share/vicon_resend/hook/pythonpath.sh'
[4.926s] Level 1:colcon.colcon_core.environment:checking '/home/javier/vicon_resend_ws/install/vicon_resend/bin'
[4.926s] Level 1:colcon.colcon_core.environment:create_environment_scripts_only(vicon_resend)
[4.954s] INFO:colcon.colcon_core.shell:Creating package script '/home/javier/vicon_resend_ws/install/vicon_resend/share/vicon_resend/package.ps1'
[4.956s] INFO:colcon.colcon_core.shell:Creating package descriptor '/home/javier/vicon_resend_ws/install/vicon_resend/share/vicon_resend/package.dsv'
[4.957s] INFO:colcon.colcon_core.shell:Creating package script '/home/javier/vicon_resend_ws/install/vicon_resend/share/vicon_resend/package.sh'
[4.959s] INFO:colcon.colcon_core.shell:Creating package script '/home/javier/vicon_resend_ws/install/vicon_resend/share/vicon_resend/package.bash'
[4.960s] INFO:colcon.colcon_core.shell:Creating package script '/home/javier/vicon_resend_ws/install/vicon_resend/share/vicon_resend/package.zsh'
[4.961s] Level 1:colcon.colcon_core.environment:create_file_with_runtime_dependencies(/home/javier/vicon_resend_ws/install/vicon_resend/share/colcon-core/packages/vicon_resend)
[4.962s] DEBUG:colcon.colcon_parallel_executor.executor.parallel:closing loop
[4.963s] DEBUG:colcon.colcon_parallel_executor.executor.parallel:loop closed
[4.963s] DEBUG:colcon.colcon_parallel_executor.executor.parallel:run_until_complete finished with '0'
[4.963s] DEBUG:colcon.colcon_core.event_reactor:joining thread
[5.010s] INFO:colcon.colcon_core.plugin_system:Skipping extension 'colcon_notification.desktop_notification.terminal_notifier': Not used on non-Darwin systems
[5.011s] INFO:colcon.colcon_core.plugin_system:Skipping extension 'colcon_notification.desktop_notification.win32': Not used on non-Windows systems
[5.011s] INFO:colcon.colcon_notification.desktop_notification:Sending desktop notification using 'notify2'
[5.034s] DEBUG:colcon.colcon_core.event_reactor:joined thread
[5.080s] INFO:colcon.colcon_core.shell:Creating prefix script '/home/javier/vicon_resend_ws/install/local_setup.ps1'
[5.082s] INFO:colcon.colcon_core.shell:Creating prefix util module '/home/javier/vicon_resend_ws/install/_local_setup_util_ps1.py'
[5.085s] INFO:colcon.colcon_core.shell:Creating prefix chain script '/home/javier/vicon_resend_ws/install/setup.ps1'
[5.118s] INFO:colcon.colcon_core.shell:Creating prefix script '/home/javier/vicon_resend_ws/install/local_setup.sh'
[5.119s] INFO:colcon.colcon_core.shell:Creating prefix util module '/home/javier/vicon_resend_ws/install/_local_setup_util_sh.py'
[5.120s] INFO:colcon.colcon_core.shell:Creating prefix chain script '/home/javier/vicon_resend_ws/install/setup.sh'
[5.153s] INFO:colcon.colcon_core.shell:Creating prefix script '/home/javier/vicon_resend_ws/install/local_setup.bash'
[5.154s] INFO:colcon.colcon_core.shell:Creating prefix chain script '/home/javier/vicon_resend_ws/install/setup.bash'
[5.191s] INFO:colcon.colcon_core.shell:Creating prefix script '/home/javier/vicon_resend_ws/install/local_setup.zsh'
[5.192s] INFO:colcon.colcon_core.shell:Creating prefix chain script '/home/javier/vicon_resend_ws/install/setup.zsh'
