[0.342s] Invoking command in '/home/javier/ROS2_work/vicon_warehouse/vicon_resend_ws/src/vicon_resend': PYTHONPATH=/home/javier/ROS2_work/vicon_warehouse/vicon_resend_ws/build/vicon_resend/prefix_override:/usr/lib/python3/dist-packages/colcon_core/task/python/colcon_distutils_commands:/home/javier/ROS2_work/vicon_warehouse/vicon_resend_ws/install/vicon_resend/lib/python3.10/site-packages:${PYTHONPATH} /usr/bin/python3 -W ignore:setup.py install is deprecated setup.py egg_info --egg-base ../../build/vicon_resend build --build-base /home/javier/ROS2_work/vicon_warehouse/vicon_resend_ws/build/vicon_resend/build install --record /home/javier/ROS2_work/vicon_warehouse/vicon_resend_ws/build/vicon_resend/install.log --single-version-externally-managed install_data
[0.472s] running egg_info
[0.473s] writing ../../build/vicon_resend/vicon_resend.egg-info/PKG-INFO
[0.473s] writing dependency_links to ../../build/vicon_resend/vicon_resend.egg-info/dependency_links.txt
[0.473s] writing entry points to ../../build/vicon_resend/vicon_resend.egg-info/entry_points.txt
[0.473s] writing requirements to ../../build/vicon_resend/vicon_resend.egg-info/requires.txt
[0.473s] writing top-level names to ../../build/vicon_resend/vicon_resend.egg-info/top_level.txt
[0.474s] reading manifest file '../../build/vicon_resend/vicon_resend.egg-info/SOURCES.txt'
[0.474s] adding license file 'LICENSE'
[0.475s] writing manifest file '../../build/vicon_resend/vicon_resend.egg-info/SOURCES.txt'
[0.475s] running build
[0.475s] running build_py
[0.475s] running install
[0.475s] running install_lib
[0.476s] running install_data
[0.476s] running install_egg_info
[0.477s] removing '/home/javier/ROS2_work/vicon_warehouse/vicon_resend_ws/install/vicon_resend/lib/python3.10/site-packages/vicon_resend-0.0.0-py3.10.egg-info' (and everything under it)
[0.477s] Copying ../../build/vicon_resend/vicon_resend.egg-info to /home/javier/ROS2_work/vicon_warehouse/vicon_resend_ws/install/vicon_resend/lib/python3.10/site-packages/vicon_resend-0.0.0-py3.10.egg-info
[0.477s] running install_scripts
[0.490s] Installing vicon_resend script to /home/javier/ROS2_work/vicon_warehouse/vicon_resend_ws/install/vicon_resend/lib/vicon_resend
[0.490s] writing list of installed files to '/home/javier/ROS2_work/vicon_warehouse/vicon_resend_ws/build/vicon_resend/install.log'
[0.503s] Invoked command in '/home/javier/ROS2_work/vicon_warehouse/vicon_resend_ws/src/vicon_resend' returned '0': PYTHONPATH=/home/javier/ROS2_work/vicon_warehouse/vicon_resend_ws/build/vicon_resend/prefix_override:/usr/lib/python3/dist-packages/colcon_core/task/python/colcon_distutils_commands:/home/javier/ROS2_work/vicon_warehouse/vicon_resend_ws/install/vicon_resend/lib/python3.10/site-packages:${PYTHONPATH} /usr/bin/python3 -W ignore:setup.py install is deprecated setup.py egg_info --egg-base ../../build/vicon_resend build --build-base /home/javier/ROS2_work/vicon_warehouse/vicon_resend_ws/build/vicon_resend/build install --record /home/javier/ROS2_work/vicon_warehouse/vicon_resend_ws/build/vicon_resend/install.log --single-version-externally-managed install_data
