running egg_info
writing ../../build/vicon_resend/vicon_resend.egg-info/PKG-INFO
writing dependency_links to ../../build/vicon_resend/vicon_resend.egg-info/dependency_links.txt
writing entry points to ../../build/vicon_resend/vicon_resend.egg-info/entry_points.txt
writing requirements to ../../build/vicon_resend/vicon_resend.egg-info/requires.txt
writing top-level names to ../../build/vicon_resend/vicon_resend.egg-info/top_level.txt
reading manifest file '../../build/vicon_resend/vicon_resend.egg-info/SOURCES.txt'
adding license file 'LICENSE'
writing manifest file '../../build/vicon_resend/vicon_resend.egg-info/SOURCES.txt'
running build
running build_py
copying vicon_resend/vicon_resend.py -> /home/javier/vicon_resend_ws/build/vicon_resend/build/lib/vicon_resend
running install
/usr/lib/python3/dist-packages/setuptools/command/install.py:34: SetuptoolsDeprecationWarning: setup.py install is deprecated. Use build and pip and other standards-based tools.
  warnings.warn(
running install_lib
copying /home/javier/vicon_resend_ws/build/vicon_resend/build/lib/vicon_resend/vicon_resend.py -> /home/javier/vicon_resend_ws/install/vicon_resend/lib/python3.10/site-packages/vicon_resend
byte-compiling /home/javier/vicon_resend_ws/install/vicon_resend/lib/python3.10/site-packages/vicon_resend/vicon_resend.py to vicon_resend.cpython-310.pyc
running install_data
running install_egg_info
removing '/home/javier/vicon_resend_ws/install/vicon_resend/lib/python3.10/site-packages/vicon_resend-0.0.0-py3.10.egg-info' (and everything under it)
Copying ../../build/vicon_resend/vicon_resend.egg-info to /home/javier/vicon_resend_ws/install/vicon_resend/lib/python3.10/site-packages/vicon_resend-0.0.0-py3.10.egg-info
running install_scripts
Installing vicon_resend script to /home/javier/vicon_resend_ws/install/vicon_resend/lib/vicon_resend
writing list of installed files to '/home/javier/vicon_resend_ws/build/vicon_resend/install.log'
