[2.071s] DEBUG:colcon:Command line arguments: ['/usr/bin/colcon', 'build']
[2.072s] DEBUG:colcon:Parsed command line arguments: Namespace(log_base=None, log_level=None, verb_name='build', build_base='build', install_base='install', merge_install=False, symlink_install=False, test_result_base=None, continue_on_error=False, executor='parallel', parallel_workers=4, event_handlers=None, ignore_user_meta=False, metas=['./colcon.meta'], base_paths=['.'], packages_ignore=None, packages_ignore_regex=None, paths=None, packages_up_to=None, packages_up_to_regex=None, packages_above=None, packages_above_and_dependencies=None, packages_above_depth=None, packages_select_by_dep=None, packages_skip_by_dep=None, packages_skip_up_to=None, packages_select_build_failed=False, packages_skip_build_finished=False, packages_select_test_failures=False, packages_skip_test_passed=False, packages_select=None, packages_skip=None, packages_select_regex=None, packages_skip_regex=None, packages_start=None, packages_end=None, allow_overriding=[], cmake_args=None, cmake_target=None, cmake_target_skip_unavailable=False, cmake_clean_cache=False, cmake_clean_first=False, cmake_force_configure=False, ament_cmake_args=None, catkin_cmake_args=None, catkin_skip_building_tests=False, verb_parser=<colcon_defaults.argument_parser.defaults.DefaultArgumentsDecorator object at 0x7b628e9e0160>, verb_extension=<colcon_core.verb.build.BuildVerb object at 0x7b628e976500>, main=<bound method BuildVerb.main of <colcon_core.verb.build.BuildVerb object at 0x7b628e976500>>)
[2.175s] Level 1:colcon.colcon_core.package_discovery:discover_packages(colcon_meta) check parameters
[2.175s] Level 1:colcon.colcon_core.package_discovery:discover_packages(recursive) check parameters
[2.175s] Level 1:colcon.colcon_core.package_discovery:discover_packages(ignore) check parameters
[2.175s] Level 1:colcon.colcon_core.package_discovery:discover_packages(path) check parameters
[2.175s] Level 1:colcon.colcon_core.package_discovery:discover_packages(colcon_meta) discover
[2.176s] Level 1:colcon.colcon_core.package_discovery:discover_packages(recursive) discover
[2.176s] INFO:colcon.colcon_core.package_discovery:Crawling recursively for packages in '/home/javier/vicon_resend_ws'
[2.176s] Level 1:colcon.colcon_core.package_identification:_identify(.) by extensions ['ignore', 'ignore_ament_install']
[2.176s] Level 1:colcon.colcon_core.package_identification:_identify(.) by extension 'ignore'
[2.176s] Level 1:colcon.colcon_core.package_identification:_identify(.) by extension 'ignore_ament_install'
[2.177s] Level 1:colcon.colcon_core.package_identification:_identify(.) by extensions ['colcon_pkg']
[2.177s] Level 1:colcon.colcon_core.package_identification:_identify(.) by extension 'colcon_pkg'
[2.177s] Level 1:colcon.colcon_core.package_identification:_identify(.) by extensions ['colcon_meta']
[2.177s] Level 1:colcon.colcon_core.package_identification:_identify(.) by extension 'colcon_meta'
[2.177s] Level 1:colcon.colcon_core.package_identification:_identify(.) by extensions ['ros']
[2.177s] Level 1:colcon.colcon_core.package_identification:_identify(.) by extension 'ros'
[2.203s] Level 1:colcon.colcon_core.package_identification:_identify(.) by extensions ['cmake', 'python']
[2.203s] Level 1:colcon.colcon_core.package_identification:_identify(.) by extension 'cmake'
[2.203s] Level 1:colcon.colcon_core.package_identification:_identify(.) by extension 'python'
[2.203s] Level 1:colcon.colcon_core.package_identification:_identify(.) by extensions ['python_setup_py']
[2.203s] Level 1:colcon.colcon_core.package_identification:_identify(.) by extension 'python_setup_py'
[2.203s] Level 1:colcon.colcon_core.package_identification:_identify(build) by extensions ['ignore', 'ignore_ament_install']
[2.204s] Level 1:colcon.colcon_core.package_identification:_identify(build) by extension 'ignore'
[2.204s] Level 1:colcon.colcon_core.package_identification:_identify(build) ignored
[2.204s] Level 1:colcon.colcon_core.package_identification:_identify(install) by extensions ['ignore', 'ignore_ament_install']
[2.204s] Level 1:colcon.colcon_core.package_identification:_identify(install) by extension 'ignore'
[2.204s] Level 1:colcon.colcon_core.package_identification:_identify(install) ignored
[2.205s] Level 1:colcon.colcon_core.package_identification:_identify(log) by extensions ['ignore', 'ignore_ament_install']
[2.205s] Level 1:colcon.colcon_core.package_identification:_identify(log) by extension 'ignore'
[2.205s] Level 1:colcon.colcon_core.package_identification:_identify(log) ignored
[2.205s] Level 1:colcon.colcon_core.package_identification:_identify(src) by extensions ['ignore', 'ignore_ament_install']
[2.205s] Level 1:colcon.colcon_core.package_identification:_identify(src) by extension 'ignore'
[2.205s] Level 1:colcon.colcon_core.package_identification:_identify(src) by extension 'ignore_ament_install'
[2.205s] Level 1:colcon.colcon_core.package_identification:_identify(src) by extensions ['colcon_pkg']
[2.206s] Level 1:colcon.colcon_core.package_identification:_identify(src) by extension 'colcon_pkg'
[2.206s] Level 1:colcon.colcon_core.package_identification:_identify(src) by extensions ['colcon_meta']
[2.206s] Level 1:colcon.colcon_core.package_identification:_identify(src) by extension 'colcon_meta'
[2.206s] Level 1:colcon.colcon_core.package_identification:_identify(src) by extensions ['ros']
[2.206s] Level 1:colcon.colcon_core.package_identification:_identify(src) by extension 'ros'
[2.206s] Level 1:colcon.colcon_core.package_identification:_identify(src) by extensions ['cmake', 'python']
[2.206s] Level 1:colcon.colcon_core.package_identification:_identify(src) by extension 'cmake'
[2.206s] Level 1:colcon.colcon_core.package_identification:_identify(src) by extension 'python'
[2.206s] Level 1:colcon.colcon_core.package_identification:_identify(src) by extensions ['python_setup_py']
[2.206s] Level 1:colcon.colcon_core.package_identification:_identify(src) by extension 'python_setup_py'
[2.207s] Level 1:colcon.colcon_core.package_identification:_identify(src/vicon_resend) by extensions ['ignore', 'ignore_ament_install']
[2.207s] Level 1:colcon.colcon_core.package_identification:_identify(src/vicon_resend) by extension 'ignore'
[2.207s] Level 1:colcon.colcon_core.package_identification:_identify(src/vicon_resend) by extension 'ignore_ament_install'
[2.207s] Level 1:colcon.colcon_core.package_identification:_identify(src/vicon_resend) by extensions ['colcon_pkg']
[2.207s] Level 1:colcon.colcon_core.package_identification:_identify(src/vicon_resend) by extension 'colcon_pkg'
[2.207s] Level 1:colcon.colcon_core.package_identification:_identify(src/vicon_resend) by extensions ['colcon_meta']
[2.207s] Level 1:colcon.colcon_core.package_identification:_identify(src/vicon_resend) by extension 'colcon_meta'
[2.207s] Level 1:colcon.colcon_core.package_identification:_identify(src/vicon_resend) by extensions ['ros']
[2.207s] Level 1:colcon.colcon_core.package_identification:_identify(src/vicon_resend) by extension 'ros'
[2.213s] DEBUG:colcon.colcon_core.package_identification:Package 'src/vicon_resend' with type 'ros.ament_python' and name 'vicon_resend'
[2.213s] Level 1:colcon.colcon_core.package_discovery:discover_packages(recursive) using defaults
[2.213s] Level 1:colcon.colcon_core.package_discovery:discover_packages(ignore) discover
[2.213s] Level 1:colcon.colcon_core.package_discovery:discover_packages(ignore) using defaults
[2.213s] Level 1:colcon.colcon_core.package_discovery:discover_packages(path) discover
[2.213s] Level 1:colcon.colcon_core.package_discovery:discover_packages(path) using defaults
[2.426s] Level 1:colcon.colcon_core.package_discovery:discover_packages(prefix_path) check parameters
[2.426s] Level 1:colcon.colcon_core.package_discovery:discover_packages(prefix_path) discover
[2.482s] DEBUG:colcon.colcon_installed_package_information.package_discovery:Found 1 installed packages in /home/javier/vicon_resend_ws/install
[2.509s] DEBUG:colcon.colcon_installed_package_information.package_discovery:Found 271 installed packages in /opt/ros/humble
[2.511s] Level 1:colcon.colcon_core.package_discovery:discover_packages(prefix_path) using defaults
[2.715s] Level 5:colcon.colcon_core.verb:set package 'vicon_resend' build argument 'cmake_args' from command line to 'None'
[2.715s] Level 5:colcon.colcon_core.verb:set package 'vicon_resend' build argument 'cmake_target' from command line to 'None'
[2.715s] Level 5:colcon.colcon_core.verb:set package 'vicon_resend' build argument 'cmake_target_skip_unavailable' from command line to 'False'
[2.715s] Level 5:colcon.colcon_core.verb:set package 'vicon_resend' build argument 'cmake_clean_cache' from command line to 'False'
[2.715s] Level 5:colcon.colcon_core.verb:set package 'vicon_resend' build argument 'cmake_clean_first' from command line to 'False'
[2.715s] Level 5:colcon.colcon_core.verb:set package 'vicon_resend' build argument 'cmake_force_configure' from command line to 'False'
[2.715s] Level 5:colcon.colcon_core.verb:set package 'vicon_resend' build argument 'ament_cmake_args' from command line to 'None'
[2.715s] Level 5:colcon.colcon_core.verb:set package 'vicon_resend' build argument 'catkin_cmake_args' from command line to 'None'
[2.715s] Level 5:colcon.colcon_core.verb:set package 'vicon_resend' build argument 'catkin_skip_building_tests' from command line to 'False'
[2.716s] DEBUG:colcon.colcon_core.verb:Building package 'vicon_resend' with the following arguments: {'ament_cmake_args': None, 'build_base': '/home/javier/vicon_resend_ws/build/vicon_resend', 'catkin_cmake_args': None, 'catkin_skip_building_tests': False, 'cmake_args': None, 'cmake_clean_cache': False, 'cmake_clean_first': False, 'cmake_force_configure': False, 'cmake_target': None, 'cmake_target_skip_unavailable': False, 'install_base': '/home/javier/vicon_resend_ws/install/vicon_resend', 'merge_install': False, 'path': '/home/javier/vicon_resend_ws/src/vicon_resend', 'symlink_install': False, 'test_result_base': None}
[2.744s] INFO:colcon.colcon_core.executor:Executing jobs using 'parallel' executor
[2.773s] DEBUG:colcon.colcon_parallel_executor.executor.parallel:run_until_complete
[2.773s] INFO:colcon.colcon_ros.task.ament_python.build:Building ROS package in '/home/javier/vicon_resend_ws/src/vicon_resend' with build type 'ament_python'
[2.774s] Level 1:colcon.colcon_core.shell:create_environment_hook('vicon_resend', 'ament_prefix_path')
[2.812s] INFO:colcon.colcon_core.plugin_system:Skipping extension 'colcon_core.shell.bat': Not used on non-Windows systems
[2.813s] INFO:colcon.colcon_core.shell:Creating environment hook '/home/javier/vicon_resend_ws/install/vicon_resend/share/vicon_resend/hook/ament_prefix_path.ps1'
[2.814s] INFO:colcon.colcon_core.shell:Creating environment descriptor '/home/javier/vicon_resend_ws/install/vicon_resend/share/vicon_resend/hook/ament_prefix_path.dsv'
[2.815s] INFO:colcon.colcon_core.shell:Creating environment hook '/home/javier/vicon_resend_ws/install/vicon_resend/share/vicon_resend/hook/ament_prefix_path.sh'
[2.848s] INFO:colcon.colcon_core.shell:Skip shell extension 'powershell' for command environment: Not usable outside of PowerShell
[2.849s] DEBUG:colcon.colcon_core.shell:Skip shell extension 'dsv' for command environment
[3.496s] INFO:colcon.colcon_core.task.python.build:Building Python package in '/home/javier/vicon_resend_ws/src/vicon_resend'
[3.535s] INFO:colcon.colcon_core.shell:Skip shell extension 'powershell' for command environment: Not usable outside of PowerShell
[3.535s] DEBUG:colcon.colcon_core.shell:Skip shell extension 'dsv' for command environment
[4.362s] DEBUG:colcon.colcon_core.event_handler.log_command:Invoking command in '/home/javier/vicon_resend_ws/src/vicon_resend': CONDA_PROMPT_MODIFIER=(base) PYTHONPATH=/home/javier/vicon_resend_ws/build/vicon_resend/prefix_override:/home/javier/vicon_resend_ws/install/vicon_resend/lib/python3.10/site-packages:${PYTHONPATH} /usr/bin/python3 setup.py egg_info --egg-base ../../build/vicon_resend build --build-base /home/javier/vicon_resend_ws/build/vicon_resend/build install --record /home/javier/vicon_resend_ws/build/vicon_resend/install.log --single-version-externally-managed
[5.000s] DEBUG:colcon.colcon_core.event_handler.log_command:Invoked command in '/home/javier/vicon_resend_ws/src/vicon_resend' returned '0': CONDA_PROMPT_MODIFIER=(base) PYTHONPATH=/home/javier/vicon_resend_ws/build/vicon_resend/prefix_override:/home/javier/vicon_resend_ws/install/vicon_resend/lib/python3.10/site-packages:${PYTHONPATH} /usr/bin/python3 setup.py egg_info --egg-base ../../build/vicon_resend build --build-base /home/javier/vicon_resend_ws/build/vicon_resend/build install --record /home/javier/vicon_resend_ws/build/vicon_resend/install.log --single-version-externally-managed
[5.031s] Level 1:colcon.colcon_core.environment:checking '/home/javier/vicon_resend_ws/install/vicon_resend' for CMake module files
[5.032s] Level 1:colcon.colcon_core.environment:checking '/home/javier/vicon_resend_ws/install/vicon_resend' for CMake config files
[5.033s] Level 1:colcon.colcon_core.environment:checking '/home/javier/vicon_resend_ws/install/vicon_resend/lib'
[5.034s] Level 1:colcon.colcon_core.environment:checking '/home/javier/vicon_resend_ws/install/vicon_resend/bin'
[5.034s] Level 1:colcon.colcon_core.environment:checking '/home/javier/vicon_resend_ws/install/vicon_resend/lib/pkgconfig/vicon_resend.pc'
[5.034s] Level 1:colcon.colcon_core.environment:checking '/home/javier/vicon_resend_ws/install/vicon_resend/lib/python3.10/site-packages'
[5.035s] Level 1:colcon.colcon_core.shell:create_environment_hook('vicon_resend', 'pythonpath')
[5.077s] INFO:colcon.colcon_core.shell:Creating environment hook '/home/javier/vicon_resend_ws/install/vicon_resend/share/vicon_resend/hook/pythonpath.ps1'
[5.078s] INFO:colcon.colcon_core.shell:Creating environment descriptor '/home/javier/vicon_resend_ws/install/vicon_resend/share/vicon_resend/hook/pythonpath.dsv'
[5.079s] INFO:colcon.colcon_core.shell:Creating environment hook '/home/javier/vicon_resend_ws/install/vicon_resend/share/vicon_resend/hook/pythonpath.sh'
[5.081s] Level 1:colcon.colcon_core.environment:checking '/home/javier/vicon_resend_ws/install/vicon_resend/bin'
[5.081s] Level 1:colcon.colcon_core.environment:create_environment_scripts_only(vicon_resend)
[5.118s] INFO:colcon.colcon_core.shell:Creating package script '/home/javier/vicon_resend_ws/install/vicon_resend/share/vicon_resend/package.ps1'
[5.120s] INFO:colcon.colcon_core.shell:Creating package descriptor '/home/javier/vicon_resend_ws/install/vicon_resend/share/vicon_resend/package.dsv'
[5.122s] INFO:colcon.colcon_core.shell:Creating package script '/home/javier/vicon_resend_ws/install/vicon_resend/share/vicon_resend/package.sh'
[5.123s] INFO:colcon.colcon_core.shell:Creating package script '/home/javier/vicon_resend_ws/install/vicon_resend/share/vicon_resend/package.bash'
[5.125s] INFO:colcon.colcon_core.shell:Creating package script '/home/javier/vicon_resend_ws/install/vicon_resend/share/vicon_resend/package.zsh'
[5.126s] Level 1:colcon.colcon_core.environment:create_file_with_runtime_dependencies(/home/javier/vicon_resend_ws/install/vicon_resend/share/colcon-core/packages/vicon_resend)
[5.128s] DEBUG:colcon.colcon_parallel_executor.executor.parallel:closing loop
[5.128s] DEBUG:colcon.colcon_parallel_executor.executor.parallel:loop closed
[5.128s] DEBUG:colcon.colcon_parallel_executor.executor.parallel:run_until_complete finished with '0'
[5.128s] DEBUG:colcon.colcon_core.event_reactor:joining thread
[5.172s] INFO:colcon.colcon_core.plugin_system:Skipping extension 'colcon_notification.desktop_notification.terminal_notifier': Not used on non-Darwin systems
[5.173s] INFO:colcon.colcon_core.plugin_system:Skipping extension 'colcon_notification.desktop_notification.win32': Not used on non-Windows systems
[5.173s] INFO:colcon.colcon_notification.desktop_notification:Sending desktop notification using 'notify2'
[5.206s] DEBUG:colcon.colcon_core.event_reactor:joined thread
[5.249s] INFO:colcon.colcon_core.shell:Creating prefix script '/home/javier/vicon_resend_ws/install/local_setup.ps1'
[5.251s] INFO:colcon.colcon_core.shell:Creating prefix util module '/home/javier/vicon_resend_ws/install/_local_setup_util_ps1.py'
[5.254s] INFO:colcon.colcon_core.shell:Creating prefix chain script '/home/javier/vicon_resend_ws/install/setup.ps1'
[5.290s] INFO:colcon.colcon_core.shell:Creating prefix script '/home/javier/vicon_resend_ws/install/local_setup.sh'
[5.291s] INFO:colcon.colcon_core.shell:Creating prefix util module '/home/javier/vicon_resend_ws/install/_local_setup_util_sh.py'
[5.292s] INFO:colcon.colcon_core.shell:Creating prefix chain script '/home/javier/vicon_resend_ws/install/setup.sh'
[5.326s] INFO:colcon.colcon_core.shell:Creating prefix script '/home/javier/vicon_resend_ws/install/local_setup.bash'
[5.327s] INFO:colcon.colcon_core.shell:Creating prefix chain script '/home/javier/vicon_resend_ws/install/setup.bash'
[5.358s] INFO:colcon.colcon_core.shell:Creating prefix script '/home/javier/vicon_resend_ws/install/local_setup.zsh'
[5.359s] INFO:colcon.colcon_core.shell:Creating prefix chain script '/home/javier/vicon_resend_ws/install/setup.zsh'
